<?xml version="1.0" encoding="UTF-8"?>
<testsuite xmlns:xsi="http://www.w3.org/2001/XMLSchema-instance" xsi:noNamespaceSchemaLocation="https://maven.apache.org/surefire/maven-surefire-plugin/xsd/surefire-test-report-3.0.xsd" version="3.0" name="com.example.ergo.ErgoApplicationTests" time="6.868" tests="1" errors="0" skipped="0" failures="0">
  <properties>
    <property name="java.specification.version" value="17"/>
    <property name="sun.cpu.isalist" value="amd64"/>
    <property name="sun.jnu.encoding" value="GBK"/>
    <property name="java.class.path" value="C:\Users\17524\Desktop\文档\Redis\代码\GitHub\ErGo\Ergo-backend\target\test-classes;C:\Users\17524\Desktop\文档\Redis\代码\GitHub\ErGo\Ergo-backend\target\classes;C:\Users\17524\.m2\repository\org\springframework\boot\spring-boot-starter-data-redis\3.1.3\spring-boot-starter-data-redis-3.1.3.jar;C:\Users\17524\.m2\repository\org\springframework\boot\spring-boot-starter\3.1.3\spring-boot-starter-3.1.3.jar;C:\Users\17524\.m2\repository\org\springframework\boot\spring-boot-starter-logging\3.1.3\spring-boot-starter-logging-3.1.3.jar;C:\Users\17524\.m2\repository\ch\qos\logback\logback-classic\1.4.11\logback-classic-1.4.11.jar;C:\Users\17524\.m2\repository\ch\qos\logback\logback-core\1.4.11\logback-core-1.4.11.jar;C:\Users\17524\.m2\repository\org\apache\logging\log4j\log4j-to-slf4j\2.20.0\log4j-to-slf4j-2.20.0.jar;C:\Users\17524\.m2\repository\org\slf4j\jul-to-slf4j\2.0.7\jul-to-slf4j-2.0.7.jar;C:\Users\17524\.m2\repository\jakarta\annotation\jakarta.annotation-api\2.1.1\jakarta.annotation-api-2.1.1.jar;C:\Users\17524\.m2\repository\org\yaml\snakeyaml\1.33\snakeyaml-1.33.jar;C:\Users\17524\.m2\repository\org\springframework\data\spring-data-redis\3.1.3\spring-data-redis-3.1.3.jar;C:\Users\17524\.m2\repository\org\springframework\data\spring-data-keyvalue\3.1.3\spring-data-keyvalue-3.1.3.jar;C:\Users\17524\.m2\repository\org\springframework\data\spring-data-commons\3.1.3\spring-data-commons-3.1.3.jar;C:\Users\17524\.m2\repository\org\springframework\spring-tx\6.0.11\spring-tx-6.0.11.jar;C:\Users\17524\.m2\repository\org\springframework\spring-oxm\6.0.11\spring-oxm-6.0.11.jar;C:\Users\17524\.m2\repository\org\springframework\spring-aop\6.0.11\spring-aop-6.0.11.jar;C:\Users\17524\.m2\repository\org\springframework\spring-context-support\6.0.11\spring-context-support-6.0.11.jar;C:\Users\17524\.m2\repository\org\slf4j\slf4j-api\2.0.7\slf4j-api-2.0.7.jar;C:\Users\17524\.m2\repository\io\lettuce\lettuce-core\6.2.6.RELEASE\lettuce-core-6.2.6.RELEASE.jar;C:\Users\17524\.m2\repository\io\netty\netty-common\4.1.97.Final\netty-common-4.1.97.Final.jar;C:\Users\17524\.m2\repository\io\netty\netty-handler\4.1.97.Final\netty-handler-4.1.97.Final.jar;C:\Users\17524\.m2\repository\io\netty\netty-resolver\4.1.97.Final\netty-resolver-4.1.97.Final.jar;C:\Users\17524\.m2\repository\io\netty\netty-buffer\4.1.97.Final\netty-buffer-4.1.97.Final.jar;C:\Users\17524\.m2\repository\io\netty\netty-transport-native-unix-common\4.1.97.Final\netty-transport-native-unix-common-4.1.97.Final.jar;C:\Users\17524\.m2\repository\io\netty\netty-codec\4.1.97.Final\netty-codec-4.1.97.Final.jar;C:\Users\17524\.m2\repository\io\netty\netty-transport\4.1.97.Final\netty-transport-4.1.97.Final.jar;C:\Users\17524\.m2\repository\io\projectreactor\reactor-core\3.5.9\reactor-core-3.5.9.jar;C:\Users\17524\.m2\repository\org\reactivestreams\reactive-streams\1.0.4\reactive-streams-1.0.4.jar;C:\Users\17524\.m2\repository\com\fasterxml\jackson\core\jackson-databind\2.13.4.2\jackson-databind-2.13.4.2.jar;C:\Users\17524\.m2\repository\com\fasterxml\jackson\core\jackson-annotations\2.15.2\jackson-annotations-2.15.2.jar;C:\Users\17524\.m2\repository\com\fasterxml\jackson\core\jackson-core\2.15.2\jackson-core-2.15.2.jar;C:\Users\17524\.m2\repository\org\springframework\boot\spring-boot-configuration-processor\3.1.3\spring-boot-configuration-processor-3.1.3.jar;C:\Users\17524\.m2\repository\org\elasticsearch\elasticsearch\6.8.2\elasticsearch-6.8.2.jar;C:\Users\17524\.m2\repository\org\elasticsearch\elasticsearch-core\6.8.2\elasticsearch-core-6.8.2.jar;C:\Users\17524\.m2\repository\org\elasticsearch\elasticsearch-secure-sm\6.8.2\elasticsearch-secure-sm-6.8.2.jar;C:\Users\17524\.m2\repository\org\elasticsearch\elasticsearch-x-content\6.8.2\elasticsearch-x-content-6.8.2.jar;C:\Users\17524\.m2\repository\com\fasterxml\jackson\dataformat\jackson-dataformat-smile\2.15.2\jackson-dataformat-smile-2.15.2.jar;C:\Users\17524\.m2\repository\com\fasterxml\jackson\dataformat\jackson-dataformat-yaml\2.15.2\jackson-dataformat-yaml-2.15.2.jar;C:\Users\17524\.m2\repository\com\fasterxml\jackson\dataformat\jackson-dataformat-cbor\2.15.2\jackson-dataformat-cbor-2.15.2.jar;C:\Users\17524\.m2\repository\org\apache\lucene\lucene-core\7.7.0\lucene-core-7.7.0.jar;C:\Users\17524\.m2\repository\org\apache\lucene\lucene-analyzers-common\7.7.0\lucene-analyzers-common-7.7.0.jar;C:\Users\17524\.m2\repository\org\apache\lucene\lucene-backward-codecs\7.7.0\lucene-backward-codecs-7.7.0.jar;C:\Users\17524\.m2\repository\org\apache\lucene\lucene-grouping\7.7.0\lucene-grouping-7.7.0.jar;C:\Users\17524\.m2\repository\org\apache\lucene\lucene-highlighter\7.7.0\lucene-highlighter-7.7.0.jar;C:\Users\17524\.m2\repository\org\apache\lucene\lucene-join\7.7.0\lucene-join-7.7.0.jar;C:\Users\17524\.m2\repository\org\apache\lucene\lucene-memory\7.7.0\lucene-memory-7.7.0.jar;C:\Users\17524\.m2\repository\org\apache\lucene\lucene-misc\7.7.0\lucene-misc-7.7.0.jar;C:\Users\17524\.m2\repository\org\apache\lucene\lucene-queries\7.7.0\lucene-queries-7.7.0.jar;C:\Users\17524\.m2\repository\org\apache\lucene\lucene-queryparser\7.7.0\lucene-queryparser-7.7.0.jar;C:\Users\17524\.m2\repository\org\apache\lucene\lucene-sandbox\7.7.0\lucene-sandbox-7.7.0.jar;C:\Users\17524\.m2\repository\org\apache\lucene\lucene-spatial\7.7.0\lucene-spatial-7.7.0.jar;C:\Users\17524\.m2\repository\org\apache\lucene\lucene-spatial-extras\7.7.0\lucene-spatial-extras-7.7.0.jar;C:\Users\17524\.m2\repository\org\apache\lucene\lucene-spatial3d\7.7.0\lucene-spatial3d-7.7.0.jar;C:\Users\17524\.m2\repository\org\apache\lucene\lucene-suggest\7.7.0\lucene-suggest-7.7.0.jar;C:\Users\17524\.m2\repository\org\elasticsearch\elasticsearch-cli\6.8.2\elasticsearch-cli-6.8.2.jar;C:\Users\17524\.m2\repository\net\sf\jopt-simple\jopt-simple\5.0.2\jopt-simple-5.0.2.jar;C:\Users\17524\.m2\repository\com\carrotsearch\hppc\0.7.1\hppc-0.7.1.jar;C:\Users\17524\.m2\repository\joda-time\joda-time\2.10.1\joda-time-2.10.1.jar;C:\Users\17524\.m2\repository\com\tdunning\t-digest\3.2\t-digest-3.2.jar;C:\Users\17524\.m2\repository\org\hdrhistogram\HdrHistogram\2.1.9\HdrHistogram-2.1.9.jar;C:\Users\17524\.m2\repository\org\apache\logging\log4j\log4j-api\2.20.0\log4j-api-2.20.0.jar;C:\Users\17524\.m2\repository\org\elasticsearch\jna\4.5.1\jna-4.5.1.jar;C:\Users\17524\.m2\repository\org\elasticsearch\client\elasticsearch-rest-client\6.8.2\elasticsearch-rest-client-6.8.2.jar;C:\Users\17524\.m2\repository\org\apache\httpcomponents\httpclient\4.5.2\httpclient-4.5.2.jar;C:\Users\17524\.m2\repository\org\apache\httpcomponents\httpcore\4.4.16\httpcore-4.4.16.jar;C:\Users\17524\.m2\repository\org\apache\httpcomponents\httpasyncclient\4.1.5\httpasyncclient-4.1.5.jar;C:\Users\17524\.m2\repository\org\apache\httpcomponents\httpcore-nio\4.4.16\httpcore-nio-4.4.16.jar;C:\Users\17524\.m2\repository\commons-codec\commons-codec\1.15\commons-codec-1.15.jar;C:\Users\17524\.m2\repository\org\elasticsearch\client\elasticsearch-rest-high-level-client\6.8.2\elasticsearch-rest-high-level-client-6.8.2.jar;C:\Users\17524\.m2\repository\org\elasticsearch\plugin\parent-join-client\6.8.2\parent-join-client-6.8.2.jar;C:\Users\17524\.m2\repository\org\elasticsearch\plugin\aggs-matrix-stats-client\6.8.2\aggs-matrix-stats-client-6.8.2.jar;C:\Users\17524\.m2\repository\org\elasticsearch\plugin\rank-eval-client\6.8.2\rank-eval-client-6.8.2.jar;C:\Users\17524\.m2\repository\org\elasticsearch\plugin\lang-mustache-client\6.8.2\lang-mustache-client-6.8.2.jar;C:\Users\17524\.m2\repository\com\github\spullara\mustache\java\compiler\0.9.3\compiler-0.9.3.jar;C:\Users\17524\.m2\repository\com\baomidou\mybatis-plus-boot-starter\3.5.3.1\mybatis-plus-boot-starter-3.5.3.1.jar;C:\Users\17524\.m2\repository\com\baomidou\mybatis-plus\3.5.3.1\mybatis-plus-3.5.3.1.jar;C:\Users\17524\.m2\repository\com\baomidou\mybatis-plus-extension\3.5.3.1\mybatis-plus-extension-3.5.3.1.jar;C:\Users\17524\.m2\repository\com\baomidou\mybatis-plus-core\3.5.3.1\mybatis-plus-core-3.5.3.1.jar;C:\Users\17524\.m2\repository\com\baomidou\mybatis-plus-annotation\3.5.3.1\mybatis-plus-annotation-3.5.3.1.jar;C:\Users\17524\.m2\repository\com\github\jsqlparser\jsqlparser\4.4\jsqlparser-4.4.jar;C:\Users\17524\.m2\repository\org\mybatis\mybatis\3.5.10\mybatis-3.5.10.jar;C:\Users\17524\.m2\repository\org\mybatis\mybatis-spring\2.0.7\mybatis-spring-2.0.7.jar;C:\Users\17524\.m2\repository\org\springframework\boot\spring-boot-autoconfigure\3.1.3\spring-boot-autoconfigure-3.1.3.jar;C:\Users\17524\.m2\repository\org\springframework\boot\spring-boot-starter-jdbc\3.1.3\spring-boot-starter-jdbc-3.1.3.jar;C:\Users\17524\.m2\repository\com\zaxxer\HikariCP\5.0.1\HikariCP-5.0.1.jar;C:\Users\17524\.m2\repository\org\springframework\spring-jdbc\6.0.11\spring-jdbc-6.0.11.jar;C:\Users\17524\.m2\repository\com\github\xiaoymin\knife4j-openapi3-jakarta-spring-boot-starter\4.3.0\knife4j-openapi3-jakarta-spring-boot-starter-4.3.0.jar;C:\Users\17524\.m2\repository\com\github\xiaoymin\knife4j-core\4.3.0\knife4j-core-4.3.0.jar;C:\Users\17524\.m2\repository\com\github\xiaoymin\knife4j-openapi3-ui\4.3.0\knife4j-openapi3-ui-4.3.0.jar;C:\Users\17524\.m2\repository\org\springdoc\springdoc-openapi-starter-webmvc-ui\2.0.4\springdoc-openapi-starter-webmvc-ui-2.0.4.jar;C:\Users\17524\.m2\repository\org\springdoc\springdoc-openapi-starter-webmvc-api\2.0.4\springdoc-openapi-starter-webmvc-api-2.0.4.jar;C:\Users\17524\.m2\repository\org\springdoc\springdoc-openapi-starter-common\2.0.4\springdoc-openapi-starter-common-2.0.4.jar;C:\Users\17524\.m2\repository\io\swagger\core\v3\swagger-core-jakarta\2.2.8\swagger-core-jakarta-2.2.8.jar;C:\Users\17524\.m2\repository\org\apache\commons\commons-lang3\3.12.0\commons-lang3-3.12.0.jar;C:\Users\17524\.m2\repository\io\swagger\core\v3\swagger-annotations-jakarta\2.2.8\swagger-annotations-jakarta-2.2.8.jar;C:\Users\17524\.m2\repository\io\swagger\core\v3\swagger-models-jakarta\2.2.8\swagger-models-jakarta-2.2.8.jar;C:\Users\17524\.m2\repository\jakarta\validation\jakarta.validation-api\3.0.2\jakarta.validation-api-3.0.2.jar;C:\Users\17524\.m2\repository\org\webjars\swagger-ui\4.18.1\swagger-ui-4.18.1.jar;C:\Users\17524\.m2\repository\org\webjars\webjars-locator-core\0.52\webjars-locator-core-0.52.jar;C:\Users\17524\.m2\repository\io\github\classgraph\classgraph\4.8.149\classgraph-4.8.149.jar;C:\Users\17524\.m2\repository\org\springframework\boot\spring-boot-starter-thymeleaf\3.1.3\spring-boot-starter-thymeleaf-3.1.3.jar;C:\Users\17524\.m2\repository\org\thymeleaf\thymeleaf-spring6\3.1.2.RELEASE\thymeleaf-spring6-3.1.2.RELEASE.jar;C:\Users\17524\.m2\repository\org\thymeleaf\thymeleaf\3.1.2.RELEASE\thymeleaf-3.1.2.RELEASE.jar;C:\Users\17524\.m2\repository\org\attoparser\attoparser\2.0.7.RELEASE\attoparser-2.0.7.RELEASE.jar;C:\Users\17524\.m2\repository\org\unbescape\unbescape\1.1.6.RELEASE\unbescape-1.1.6.RELEASE.jar;C:\Users\17524\.m2\repository\org\springframework\boot\spring-boot-starter-web\3.1.3\spring-boot-starter-web-3.1.3.jar;C:\Users\17524\.m2\repository\org\springframework\boot\spring-boot-starter-json\3.1.3\spring-boot-starter-json-3.1.3.jar;C:\Users\17524\.m2\repository\com\fasterxml\jackson\datatype\jackson-datatype-jdk8\2.15.2\jackson-datatype-jdk8-2.15.2.jar;C:\Users\17524\.m2\repository\com\fasterxml\jackson\datatype\jackson-datatype-jsr310\2.15.2\jackson-datatype-jsr310-2.15.2.jar;C:\Users\17524\.m2\repository\com\fasterxml\jackson\module\jackson-module-parameter-names\2.15.2\jackson-module-parameter-names-2.15.2.jar;C:\Users\17524\.m2\repository\org\springframework\boot\spring-boot-starter-tomcat\3.1.3\spring-boot-starter-tomcat-3.1.3.jar;C:\Users\17524\.m2\repository\org\apache\tomcat\embed\tomcat-embed-core\10.1.12\tomcat-embed-core-10.1.12.jar;C:\Users\17524\.m2\repository\org\apache\tomcat\embed\tomcat-embed-el\10.1.12\tomcat-embed-el-10.1.12.jar;C:\Users\17524\.m2\repository\org\apache\tomcat\embed\tomcat-embed-websocket\10.1.12\tomcat-embed-websocket-10.1.12.jar;C:\Users\17524\.m2\repository\org\springframework\spring-web\6.0.11\spring-web-6.0.11.jar;C:\Users\17524\.m2\repository\org\springframework\spring-beans\6.0.11\spring-beans-6.0.11.jar;C:\Users\17524\.m2\repository\io\micrometer\micrometer-observation\1.11.3\micrometer-observation-1.11.3.jar;C:\Users\17524\.m2\repository\io\micrometer\micrometer-commons\1.11.3\micrometer-commons-1.11.3.jar;C:\Users\17524\.m2\repository\org\springframework\spring-webmvc\6.0.11\spring-webmvc-6.0.11.jar;C:\Users\17524\.m2\repository\org\springframework\spring-context\6.0.11\spring-context-6.0.11.jar;C:\Users\17524\.m2\repository\org\springframework\spring-expression\6.0.11\spring-expression-6.0.11.jar;C:\Users\17524\.m2\repository\org\springframework\boot\spring-boot-devtools\3.1.3\spring-boot-devtools-3.1.3.jar;C:\Users\17524\.m2\repository\org\springframework\boot\spring-boot\3.1.3\spring-boot-3.1.3.jar;C:\Users\17524\.m2\repository\com\mysql\mysql-connector-j\8.0.33\mysql-connector-j-8.0.33.jar;C:\Users\17524\.m2\repository\org\projectlombok\lombok\1.18.28\lombok-1.18.28.jar;C:\Users\17524\.m2\repository\org\springframework\boot\spring-boot-starter-test\3.1.3\spring-boot-starter-test-3.1.3.jar;C:\Users\17524\.m2\repository\org\springframework\boot\spring-boot-test\3.1.3\spring-boot-test-3.1.3.jar;C:\Users\17524\.m2\repository\org\springframework\boot\spring-boot-test-autoconfigure\3.1.3\spring-boot-test-autoconfigure-3.1.3.jar;C:\Users\17524\.m2\repository\com\jayway\jsonpath\json-path\2.8.0\json-path-2.8.0.jar;C:\Users\17524\.m2\repository\jakarta\xml\bind\jakarta.xml.bind-api\4.0.0\jakarta.xml.bind-api-4.0.0.jar;C:\Users\17524\.m2\repository\jakarta\activation\jakarta.activation-api\2.1.2\jakarta.activation-api-2.1.2.jar;C:\Users\17524\.m2\repository\net\minidev\json-smart\2.4.11\json-smart-2.4.11.jar;C:\Users\17524\.m2\repository\net\minidev\accessors-smart\2.4.11\accessors-smart-2.4.11.jar;C:\Users\17524\.m2\repository\org\ow2\asm\asm\9.3\asm-9.3.jar;C:\Users\17524\.m2\repository\org\assertj\assertj-core\3.24.2\assertj-core-3.24.2.jar;C:\Users\17524\.m2\repository\net\bytebuddy\byte-buddy\1.14.6\byte-buddy-1.14.6.jar;C:\Users\17524\.m2\repository\org\hamcrest\hamcrest\2.2\hamcrest-2.2.jar;C:\Users\17524\.m2\repository\org\mockito\mockito-core\5.3.1\mockito-core-5.3.1.jar;C:\Users\17524\.m2\repository\net\bytebuddy\byte-buddy-agent\1.14.6\byte-buddy-agent-1.14.6.jar;C:\Users\17524\.m2\repository\org\objenesis\objenesis\3.3\objenesis-3.3.jar;C:\Users\17524\.m2\repository\org\mockito\mockito-junit-jupiter\5.3.1\mockito-junit-jupiter-5.3.1.jar;C:\Users\17524\.m2\repository\org\skyscreamer\jsonassert\1.5.1\jsonassert-1.5.1.jar;C:\Users\17524\.m2\repository\com\vaadin\external\google\android-json\0.0.20131108.vaadin1\android-json-0.0.20131108.vaadin1.jar;C:\Users\17524\.m2\repository\org\springframework\spring-core\6.0.11\spring-core-6.0.11.jar;C:\Users\17524\.m2\repository\org\springframework\spring-jcl\6.0.11\spring-jcl-6.0.11.jar;C:\Users\17524\.m2\repository\org\springframework\spring-test\6.0.11\spring-test-6.0.11.jar;C:\Users\17524\.m2\repository\org\xmlunit\xmlunit-core\2.9.1\xmlunit-core-2.9.1.jar;C:\Users\17524\.m2\repository\com\auth0\java-jwt\3.4.1\java-jwt-3.4.1.jar;C:\Users\17524\.m2\repository\org\junit\jupiter\junit-jupiter\5.9.3\junit-jupiter-5.9.3.jar;C:\Users\17524\.m2\repository\org\junit\jupiter\junit-jupiter-api\5.9.3\junit-jupiter-api-5.9.3.jar;C:\Users\17524\.m2\repository\org\opentest4j\opentest4j\1.2.0\opentest4j-1.2.0.jar;C:\Users\17524\.m2\repository\org\junit\platform\junit-platform-commons\1.9.3\junit-platform-commons-1.9.3.jar;C:\Users\17524\.m2\repository\org\apiguardian\apiguardian-api\1.1.2\apiguardian-api-1.1.2.jar;C:\Users\17524\.m2\repository\org\junit\jupiter\junit-jupiter-params\5.9.3\junit-jupiter-params-5.9.3.jar;C:\Users\17524\.m2\repository\org\junit\jupiter\junit-jupiter-engine\5.9.3\junit-jupiter-engine-5.9.3.jar;C:\Users\17524\.m2\repository\org\junit\platform\junit-platform-engine\1.9.3\junit-platform-engine-1.9.3.jar;C:\Users\17524\.m2\repository\javax\annotation\jsr250-api\1.0\jsr250-api-1.0.jar;C:\Users\17524\.m2\repository\io\swagger\swagger-annotations\1.6.2\swagger-annotations-1.6.2.jar;C:\Users\17524\.m2\repository\junit\junit\4.13.2\junit-4.13.2.jar;C:\Users\17524\.m2\repository\org\hamcrest\hamcrest-core\2.2\hamcrest-core-2.2.jar;C:\Users\17524\.m2\repository\com\google\guava\guava\31.0.1-jre\guava-31.0.1-jre.jar;C:\Users\17524\.m2\repository\com\google\guava\failureaccess\1.0.1\failureaccess-1.0.1.jar;C:\Users\17524\.m2\repository\com\google\guava\listenablefuture\9999.0-empty-to-avoid-conflict-with-guava\listenablefuture-9999.0-empty-to-avoid-conflict-with-guava.jar;C:\Users\17524\.m2\repository\com\google\code\findbugs\jsr305\3.0.2\jsr305-3.0.2.jar;C:\Users\17524\.m2\repository\org\checkerframework\checker-qual\3.12.0\checker-qual-3.12.0.jar;C:\Users\17524\.m2\repository\com\google\errorprone\error_prone_annotations\2.7.1\error_prone_annotations-2.7.1.jar;C:\Users\17524\.m2\repository\com\google\j2objc\j2objc-annotations\1.3\j2objc-annotations-1.3.jar;C:\Users\17524\.m2\repository\org\mapstruct\mapstruct\1.5.3.Final\mapstruct-1.5.3.Final.jar;C:\Users\17524\.m2\repository\io\github\a812086325\xfxh-java\1.0\xfxh-java-1.0.jar;C:\Users\17524\.m2\repository\org\springframework\boot\spring-boot-starter-websocket\3.1.3\spring-boot-starter-websocket-3.1.3.jar;C:\Users\17524\.m2\repository\org\springframework\spring-messaging\6.0.11\spring-messaging-6.0.11.jar;C:\Users\17524\.m2\repository\org\springframework\spring-websocket\6.0.11\spring-websocket-6.0.11.jar;C:\Users\17524\.m2\repository\cn\hutool\hutool-http\5.8.12\hutool-http-5.8.12.jar;C:\Users\17524\.m2\repository\cn\hutool\hutool-core\5.8.12\hutool-core-5.8.12.jar;C:\Users\17524\.m2\repository\com\squareup\okhttp3\okhttp-sse\4.10.0\okhttp-sse-4.10.0.jar;C:\Users\17524\.m2\repository\com\squareup\okhttp3\okhttp\4.10.0\okhttp-4.10.0.jar;C:\Users\17524\.m2\repository\com\squareup\okio\okio-jvm\3.0.0\okio-jvm-3.0.0.jar;C:\Users\17524\.m2\repository\org\jetbrains\kotlin\kotlin-stdlib-common\1.8.22\kotlin-stdlib-common-1.8.22.jar;C:\Users\17524\.m2\repository\org\jetbrains\kotlin\kotlin-stdlib\1.8.22\kotlin-stdlib-1.8.22.jar;C:\Users\17524\.m2\repository\org\jetbrains\annotations\13.0\annotations-13.0.jar;C:\Users\17524\.m2\repository\org\jetbrains\kotlin\kotlin-stdlib-jdk8\1.8.22\kotlin-stdlib-jdk8-1.8.22.jar;C:\Users\17524\.m2\repository\org\jetbrains\kotlin\kotlin-stdlib-jdk7\1.8.22\kotlin-stdlib-jdk7-1.8.22.jar;C:\Users\17524\.m2\repository\com\squareup\okhttp3\logging-interceptor\4.10.0\logging-interceptor-4.10.0.jar;C:\Users\17524\.m2\repository\com\alibaba\fastjson\1.2.60\fastjson-1.2.60.jar;"/>
    <property name="java.vm.vendor" value="Oracle Corporation"/>
    <property name="sun.arch.data.model" value="64"/>
    <property name="user.variant" value=""/>
    <property name="java.vendor.url" value="https://java.oracle.com/"/>
    <property name="user.timezone" value="Asia/Shanghai"/>
    <property name="os.name" value="Windows 10"/>
    <property name="java.vm.specification.version" value="17"/>
    <property name="sun.java.launcher" value="SUN_STANDARD"/>
    <property name="user.country" value="CN"/>
    <property name="sun.boot.library.path" value="C:\Users\17524\.jdks\jdk-17\bin"/>
    <property name="sun.java.command" value="C:\Users\17524\AppData\Local\Temp\surefire2496811415912075602\surefirebooter-20231206193050691_3.jar C:\Users\17524\AppData\Local\Temp\surefire2496811415912075602 2023-12-06T19-30-50_584-jvmRun1 surefire-20231206193050691_1tmp surefire_0-20231206193050691_2tmp"/>
    <property name="jdk.debug" value="release"/>
    <property name="surefire.test.class.path" value="C:\Users\17524\Desktop\文档\Redis\代码\GitHub\ErGo\Ergo-backend\target\test-classes;C:\Users\17524\Desktop\文档\Redis\代码\GitHub\ErGo\Ergo-backend\target\classes;C:\Users\17524\.m2\repository\org\springframework\boot\spring-boot-starter-data-redis\3.1.3\spring-boot-starter-data-redis-3.1.3.jar;C:\Users\17524\.m2\repository\org\springframework\boot\spring-boot-starter\3.1.3\spring-boot-starter-3.1.3.jar;C:\Users\17524\.m2\repository\org\springframework\boot\spring-boot-starter-logging\3.1.3\spring-boot-starter-logging-3.1.3.jar;C:\Users\17524\.m2\repository\ch\qos\logback\logback-classic\1.4.11\logback-classic-1.4.11.jar;C:\Users\17524\.m2\repository\ch\qos\logback\logback-core\1.4.11\logback-core-1.4.11.jar;C:\Users\17524\.m2\repository\org\apache\logging\log4j\log4j-to-slf4j\2.20.0\log4j-to-slf4j-2.20.0.jar;C:\Users\17524\.m2\repository\org\slf4j\jul-to-slf4j\2.0.7\jul-to-slf4j-2.0.7.jar;C:\Users\17524\.m2\repository\jakarta\annotation\jakarta.annotation-api\2.1.1\jakarta.annotation-api-2.1.1.jar;C:\Users\17524\.m2\repository\org\yaml\snakeyaml\1.33\snakeyaml-1.33.jar;C:\Users\17524\.m2\repository\org\springframework\data\spring-data-redis\3.1.3\spring-data-redis-3.1.3.jar;C:\Users\17524\.m2\repository\org\springframework\data\spring-data-keyvalue\3.1.3\spring-data-keyvalue-3.1.3.jar;C:\Users\17524\.m2\repository\org\springframework\data\spring-data-commons\3.1.3\spring-data-commons-3.1.3.jar;C:\Users\17524\.m2\repository\org\springframework\spring-tx\6.0.11\spring-tx-6.0.11.jar;C:\Users\17524\.m2\repository\org\springframework\spring-oxm\6.0.11\spring-oxm-6.0.11.jar;C:\Users\17524\.m2\repository\org\springframework\spring-aop\6.0.11\spring-aop-6.0.11.jar;C:\Users\17524\.m2\repository\org\springframework\spring-context-support\6.0.11\spring-context-support-6.0.11.jar;C:\Users\17524\.m2\repository\org\slf4j\slf4j-api\2.0.7\slf4j-api-2.0.7.jar;C:\Users\17524\.m2\repository\io\lettuce\lettuce-core\6.2.6.RELEASE\lettuce-core-6.2.6.RELEASE.jar;C:\Users\17524\.m2\repository\io\netty\netty-common\4.1.97.Final\netty-common-4.1.97.Final.jar;C:\Users\17524\.m2\repository\io\netty\netty-handler\4.1.97.Final\netty-handler-4.1.97.Final.jar;C:\Users\17524\.m2\repository\io\netty\netty-resolver\4.1.97.Final\netty-resolver-4.1.97.Final.jar;C:\Users\17524\.m2\repository\io\netty\netty-buffer\4.1.97.Final\netty-buffer-4.1.97.Final.jar;C:\Users\17524\.m2\repository\io\netty\netty-transport-native-unix-common\4.1.97.Final\netty-transport-native-unix-common-4.1.97.Final.jar;C:\Users\17524\.m2\repository\io\netty\netty-codec\4.1.97.Final\netty-codec-4.1.97.Final.jar;C:\Users\17524\.m2\repository\io\netty\netty-transport\4.1.97.Final\netty-transport-4.1.97.Final.jar;C:\Users\17524\.m2\repository\io\projectreactor\reactor-core\3.5.9\reactor-core-3.5.9.jar;C:\Users\17524\.m2\repository\org\reactivestreams\reactive-streams\1.0.4\reactive-streams-1.0.4.jar;C:\Users\17524\.m2\repository\com\fasterxml\jackson\core\jackson-databind\2.13.4.2\jackson-databind-2.13.4.2.jar;C:\Users\17524\.m2\repository\com\fasterxml\jackson\core\jackson-annotations\2.15.2\jackson-annotations-2.15.2.jar;C:\Users\17524\.m2\repository\com\fasterxml\jackson\core\jackson-core\2.15.2\jackson-core-2.15.2.jar;C:\Users\17524\.m2\repository\org\springframework\boot\spring-boot-configuration-processor\3.1.3\spring-boot-configuration-processor-3.1.3.jar;C:\Users\17524\.m2\repository\org\elasticsearch\elasticsearch\6.8.2\elasticsearch-6.8.2.jar;C:\Users\17524\.m2\repository\org\elasticsearch\elasticsearch-core\6.8.2\elasticsearch-core-6.8.2.jar;C:\Users\17524\.m2\repository\org\elasticsearch\elasticsearch-secure-sm\6.8.2\elasticsearch-secure-sm-6.8.2.jar;C:\Users\17524\.m2\repository\org\elasticsearch\elasticsearch-x-content\6.8.2\elasticsearch-x-content-6.8.2.jar;C:\Users\17524\.m2\repository\com\fasterxml\jackson\dataformat\jackson-dataformat-smile\2.15.2\jackson-dataformat-smile-2.15.2.jar;C:\Users\17524\.m2\repository\com\fasterxml\jackson\dataformat\jackson-dataformat-yaml\2.15.2\jackson-dataformat-yaml-2.15.2.jar;C:\Users\17524\.m2\repository\com\fasterxml\jackson\dataformat\jackson-dataformat-cbor\2.15.2\jackson-dataformat-cbor-2.15.2.jar;C:\Users\17524\.m2\repository\org\apache\lucene\lucene-core\7.7.0\lucene-core-7.7.0.jar;C:\Users\17524\.m2\repository\org\apache\lucene\lucene-analyzers-common\7.7.0\lucene-analyzers-common-7.7.0.jar;C:\Users\17524\.m2\repository\org\apache\lucene\lucene-backward-codecs\7.7.0\lucene-backward-codecs-7.7.0.jar;C:\Users\17524\.m2\repository\org\apache\lucene\lucene-grouping\7.7.0\lucene-grouping-7.7.0.jar;C:\Users\17524\.m2\repository\org\apache\lucene\lucene-highlighter\7.7.0\lucene-highlighter-7.7.0.jar;C:\Users\17524\.m2\repository\org\apache\lucene\lucene-join\7.7.0\lucene-join-7.7.0.jar;C:\Users\17524\.m2\repository\org\apache\lucene\lucene-memory\7.7.0\lucene-memory-7.7.0.jar;C:\Users\17524\.m2\repository\org\apache\lucene\lucene-misc\7.7.0\lucene-misc-7.7.0.jar;C:\Users\17524\.m2\repository\org\apache\lucene\lucene-queries\7.7.0\lucene-queries-7.7.0.jar;C:\Users\17524\.m2\repository\org\apache\lucene\lucene-queryparser\7.7.0\lucene-queryparser-7.7.0.jar;C:\Users\17524\.m2\repository\org\apache\lucene\lucene-sandbox\7.7.0\lucene-sandbox-7.7.0.jar;C:\Users\17524\.m2\repository\org\apache\lucene\lucene-spatial\7.7.0\lucene-spatial-7.7.0.jar;C:\Users\17524\.m2\repository\org\apache\lucene\lucene-spatial-extras\7.7.0\lucene-spatial-extras-7.7.0.jar;C:\Users\17524\.m2\repository\org\apache\lucene\lucene-spatial3d\7.7.0\lucene-spatial3d-7.7.0.jar;C:\Users\17524\.m2\repository\org\apache\lucene\lucene-suggest\7.7.0\lucene-suggest-7.7.0.jar;C:\Users\17524\.m2\repository\org\elasticsearch\elasticsearch-cli\6.8.2\elasticsearch-cli-6.8.2.jar;C:\Users\17524\.m2\repository\net\sf\jopt-simple\jopt-simple\5.0.2\jopt-simple-5.0.2.jar;C:\Users\17524\.m2\repository\com\carrotsearch\hppc\0.7.1\hppc-0.7.1.jar;C:\Users\17524\.m2\repository\joda-time\joda-time\2.10.1\joda-time-2.10.1.jar;C:\Users\17524\.m2\repository\com\tdunning\t-digest\3.2\t-digest-3.2.jar;C:\Users\17524\.m2\repository\org\hdrhistogram\HdrHistogram\2.1.9\HdrHistogram-2.1.9.jar;C:\Users\17524\.m2\repository\org\apache\logging\log4j\log4j-api\2.20.0\log4j-api-2.20.0.jar;C:\Users\17524\.m2\repository\org\elasticsearch\jna\4.5.1\jna-4.5.1.jar;C:\Users\17524\.m2\repository\org\elasticsearch\client\elasticsearch-rest-client\6.8.2\elasticsearch-rest-client-6.8.2.jar;C:\Users\17524\.m2\repository\org\apache\httpcomponents\httpclient\4.5.2\httpclient-4.5.2.jar;C:\Users\17524\.m2\repository\org\apache\httpcomponents\httpcore\4.4.16\httpcore-4.4.16.jar;C:\Users\17524\.m2\repository\org\apache\httpcomponents\httpasyncclient\4.1.5\httpasyncclient-4.1.5.jar;C:\Users\17524\.m2\repository\org\apache\httpcomponents\httpcore-nio\4.4.16\httpcore-nio-4.4.16.jar;C:\Users\17524\.m2\repository\commons-codec\commons-codec\1.15\commons-codec-1.15.jar;C:\Users\17524\.m2\repository\org\elasticsearch\client\elasticsearch-rest-high-level-client\6.8.2\elasticsearch-rest-high-level-client-6.8.2.jar;C:\Users\17524\.m2\repository\org\elasticsearch\plugin\parent-join-client\6.8.2\parent-join-client-6.8.2.jar;C:\Users\17524\.m2\repository\org\elasticsearch\plugin\aggs-matrix-stats-client\6.8.2\aggs-matrix-stats-client-6.8.2.jar;C:\Users\17524\.m2\repository\org\elasticsearch\plugin\rank-eval-client\6.8.2\rank-eval-client-6.8.2.jar;C:\Users\17524\.m2\repository\org\elasticsearch\plugin\lang-mustache-client\6.8.2\lang-mustache-client-6.8.2.jar;C:\Users\17524\.m2\repository\com\github\spullara\mustache\java\compiler\0.9.3\compiler-0.9.3.jar;C:\Users\17524\.m2\repository\com\baomidou\mybatis-plus-boot-starter\3.5.3.1\mybatis-plus-boot-starter-3.5.3.1.jar;C:\Users\17524\.m2\repository\com\baomidou\mybatis-plus\3.5.3.1\mybatis-plus-3.5.3.1.jar;C:\Users\17524\.m2\repository\com\baomidou\mybatis-plus-extension\3.5.3.1\mybatis-plus-extension-3.5.3.1.jar;C:\Users\17524\.m2\repository\com\baomidou\mybatis-plus-core\3.5.3.1\mybatis-plus-core-3.5.3.1.jar;C:\Users\17524\.m2\repository\com\baomidou\mybatis-plus-annotation\3.5.3.1\mybatis-plus-annotation-3.5.3.1.jar;C:\Users\17524\.m2\repository\com\github\jsqlparser\jsqlparser\4.4\jsqlparser-4.4.jar;C:\Users\17524\.m2\repository\org\mybatis\mybatis\3.5.10\mybatis-3.5.10.jar;C:\Users\17524\.m2\repository\org\mybatis\mybatis-spring\2.0.7\mybatis-spring-2.0.7.jar;C:\Users\17524\.m2\repository\org\springframework\boot\spring-boot-autoconfigure\3.1.3\spring-boot-autoconfigure-3.1.3.jar;C:\Users\17524\.m2\repository\org\springframework\boot\spring-boot-starter-jdbc\3.1.3\spring-boot-starter-jdbc-3.1.3.jar;C:\Users\17524\.m2\repository\com\zaxxer\HikariCP\5.0.1\HikariCP-5.0.1.jar;C:\Users\17524\.m2\repository\org\springframework\spring-jdbc\6.0.11\spring-jdbc-6.0.11.jar;C:\Users\17524\.m2\repository\com\github\xiaoymin\knife4j-openapi3-jakarta-spring-boot-starter\4.3.0\knife4j-openapi3-jakarta-spring-boot-starter-4.3.0.jar;C:\Users\17524\.m2\repository\com\github\xiaoymin\knife4j-core\4.3.0\knife4j-core-4.3.0.jar;C:\Users\17524\.m2\repository\com\github\xiaoymin\knife4j-openapi3-ui\4.3.0\knife4j-openapi3-ui-4.3.0.jar;C:\Users\17524\.m2\repository\org\springdoc\springdoc-openapi-starter-webmvc-ui\2.0.4\springdoc-openapi-starter-webmvc-ui-2.0.4.jar;C:\Users\17524\.m2\repository\org\springdoc\springdoc-openapi-starter-webmvc-api\2.0.4\springdoc-openapi-starter-webmvc-api-2.0.4.jar;C:\Users\17524\.m2\repository\org\springdoc\springdoc-openapi-starter-common\2.0.4\springdoc-openapi-starter-common-2.0.4.jar;C:\Users\17524\.m2\repository\io\swagger\core\v3\swagger-core-jakarta\2.2.8\swagger-core-jakarta-2.2.8.jar;C:\Users\17524\.m2\repository\org\apache\commons\commons-lang3\3.12.0\commons-lang3-3.12.0.jar;C:\Users\17524\.m2\repository\io\swagger\core\v3\swagger-annotations-jakarta\2.2.8\swagger-annotations-jakarta-2.2.8.jar;C:\Users\17524\.m2\repository\io\swagger\core\v3\swagger-models-jakarta\2.2.8\swagger-models-jakarta-2.2.8.jar;C:\Users\17524\.m2\repository\jakarta\validation\jakarta.validation-api\3.0.2\jakarta.validation-api-3.0.2.jar;C:\Users\17524\.m2\repository\org\webjars\swagger-ui\4.18.1\swagger-ui-4.18.1.jar;C:\Users\17524\.m2\repository\org\webjars\webjars-locator-core\0.52\webjars-locator-core-0.52.jar;C:\Users\17524\.m2\repository\io\github\classgraph\classgraph\4.8.149\classgraph-4.8.149.jar;C:\Users\17524\.m2\repository\org\springframework\boot\spring-boot-starter-thymeleaf\3.1.3\spring-boot-starter-thymeleaf-3.1.3.jar;C:\Users\17524\.m2\repository\org\thymeleaf\thymeleaf-spring6\3.1.2.RELEASE\thymeleaf-spring6-3.1.2.RELEASE.jar;C:\Users\17524\.m2\repository\org\thymeleaf\thymeleaf\3.1.2.RELEASE\thymeleaf-3.1.2.RELEASE.jar;C:\Users\17524\.m2\repository\org\attoparser\attoparser\2.0.7.RELEASE\attoparser-2.0.7.RELEASE.jar;C:\Users\17524\.m2\repository\org\unbescape\unbescape\1.1.6.RELEASE\unbescape-1.1.6.RELEASE.jar;C:\Users\17524\.m2\repository\org\springframework\boot\spring-boot-starter-web\3.1.3\spring-boot-starter-web-3.1.3.jar;C:\Users\17524\.m2\repository\org\springframework\boot\spring-boot-starter-json\3.1.3\spring-boot-starter-json-3.1.3.jar;C:\Users\17524\.m2\repository\com\fasterxml\jackson\datatype\jackson-datatype-jdk8\2.15.2\jackson-datatype-jdk8-2.15.2.jar;C:\Users\17524\.m2\repository\com\fasterxml\jackson\datatype\jackson-datatype-jsr310\2.15.2\jackson-datatype-jsr310-2.15.2.jar;C:\Users\17524\.m2\repository\com\fasterxml\jackson\module\jackson-module-parameter-names\2.15.2\jackson-module-parameter-names-2.15.2.jar;C:\Users\17524\.m2\repository\org\springframework\boot\spring-boot-starter-tomcat\3.1.3\spring-boot-starter-tomcat-3.1.3.jar;C:\Users\17524\.m2\repository\org\apache\tomcat\embed\tomcat-embed-core\10.1.12\tomcat-embed-core-10.1.12.jar;C:\Users\17524\.m2\repository\org\apache\tomcat\embed\tomcat-embed-el\10.1.12\tomcat-embed-el-10.1.12.jar;C:\Users\17524\.m2\repository\org\apache\tomcat\embed\tomcat-embed-websocket\10.1.12\tomcat-embed-websocket-10.1.12.jar;C:\Users\17524\.m2\repository\org\springframework\spring-web\6.0.11\spring-web-6.0.11.jar;C:\Users\17524\.m2\repository\org\springframework\spring-beans\6.0.11\spring-beans-6.0.11.jar;C:\Users\17524\.m2\repository\io\micrometer\micrometer-observation\1.11.3\micrometer-observation-1.11.3.jar;C:\Users\17524\.m2\repository\io\micrometer\micrometer-commons\1.11.3\micrometer-commons-1.11.3.jar;C:\Users\17524\.m2\repository\org\springframework\spring-webmvc\6.0.11\spring-webmvc-6.0.11.jar;C:\Users\17524\.m2\repository\org\springframework\spring-context\6.0.11\spring-context-6.0.11.jar;C:\Users\17524\.m2\repository\org\springframework\spring-expression\6.0.11\spring-expression-6.0.11.jar;C:\Users\17524\.m2\repository\org\springframework\boot\spring-boot-devtools\3.1.3\spring-boot-devtools-3.1.3.jar;C:\Users\17524\.m2\repository\org\springframework\boot\spring-boot\3.1.3\spring-boot-3.1.3.jar;C:\Users\17524\.m2\repository\com\mysql\mysql-connector-j\8.0.33\mysql-connector-j-8.0.33.jar;C:\Users\17524\.m2\repository\org\projectlombok\lombok\1.18.28\lombok-1.18.28.jar;C:\Users\17524\.m2\repository\org\springframework\boot\spring-boot-starter-test\3.1.3\spring-boot-starter-test-3.1.3.jar;C:\Users\17524\.m2\repository\org\springframework\boot\spring-boot-test\3.1.3\spring-boot-test-3.1.3.jar;C:\Users\17524\.m2\repository\org\springframework\boot\spring-boot-test-autoconfigure\3.1.3\spring-boot-test-autoconfigure-3.1.3.jar;C:\Users\17524\.m2\repository\com\jayway\jsonpath\json-path\2.8.0\json-path-2.8.0.jar;C:\Users\17524\.m2\repository\jakarta\xml\bind\jakarta.xml.bind-api\4.0.0\jakarta.xml.bind-api-4.0.0.jar;C:\Users\17524\.m2\repository\jakarta\activation\jakarta.activation-api\2.1.2\jakarta.activation-api-2.1.2.jar;C:\Users\17524\.m2\repository\net\minidev\json-smart\2.4.11\json-smart-2.4.11.jar;C:\Users\17524\.m2\repository\net\minidev\accessors-smart\2.4.11\accessors-smart-2.4.11.jar;C:\Users\17524\.m2\repository\org\ow2\asm\asm\9.3\asm-9.3.jar;C:\Users\17524\.m2\repository\org\assertj\assertj-core\3.24.2\assertj-core-3.24.2.jar;C:\Users\17524\.m2\repository\net\bytebuddy\byte-buddy\1.14.6\byte-buddy-1.14.6.jar;C:\Users\17524\.m2\repository\org\hamcrest\hamcrest\2.2\hamcrest-2.2.jar;C:\Users\17524\.m2\repository\org\mockito\mockito-core\5.3.1\mockito-core-5.3.1.jar;C:\Users\17524\.m2\repository\net\bytebuddy\byte-buddy-agent\1.14.6\byte-buddy-agent-1.14.6.jar;C:\Users\17524\.m2\repository\org\objenesis\objenesis\3.3\objenesis-3.3.jar;C:\Users\17524\.m2\repository\org\mockito\mockito-junit-jupiter\5.3.1\mockito-junit-jupiter-5.3.1.jar;C:\Users\17524\.m2\repository\org\skyscreamer\jsonassert\1.5.1\jsonassert-1.5.1.jar;C:\Users\17524\.m2\repository\com\vaadin\external\google\android-json\0.0.20131108.vaadin1\android-json-0.0.20131108.vaadin1.jar;C:\Users\17524\.m2\repository\org\springframework\spring-core\6.0.11\spring-core-6.0.11.jar;C:\Users\17524\.m2\repository\org\springframework\spring-jcl\6.0.11\spring-jcl-6.0.11.jar;C:\Users\17524\.m2\repository\org\springframework\spring-test\6.0.11\spring-test-6.0.11.jar;C:\Users\17524\.m2\repository\org\xmlunit\xmlunit-core\2.9.1\xmlunit-core-2.9.1.jar;C:\Users\17524\.m2\repository\com\auth0\java-jwt\3.4.1\java-jwt-3.4.1.jar;C:\Users\17524\.m2\repository\org\junit\jupiter\junit-jupiter\5.9.3\junit-jupiter-5.9.3.jar;C:\Users\17524\.m2\repository\org\junit\jupiter\junit-jupiter-api\5.9.3\junit-jupiter-api-5.9.3.jar;C:\Users\17524\.m2\repository\org\opentest4j\opentest4j\1.2.0\opentest4j-1.2.0.jar;C:\Users\17524\.m2\repository\org\junit\platform\junit-platform-commons\1.9.3\junit-platform-commons-1.9.3.jar;C:\Users\17524\.m2\repository\org\apiguardian\apiguardian-api\1.1.2\apiguardian-api-1.1.2.jar;C:\Users\17524\.m2\repository\org\junit\jupiter\junit-jupiter-params\5.9.3\junit-jupiter-params-5.9.3.jar;C:\Users\17524\.m2\repository\org\junit\jupiter\junit-jupiter-engine\5.9.3\junit-jupiter-engine-5.9.3.jar;C:\Users\17524\.m2\repository\org\junit\platform\junit-platform-engine\1.9.3\junit-platform-engine-1.9.3.jar;C:\Users\17524\.m2\repository\javax\annotation\jsr250-api\1.0\jsr250-api-1.0.jar;C:\Users\17524\.m2\repository\io\swagger\swagger-annotations\1.6.2\swagger-annotations-1.6.2.jar;C:\Users\17524\.m2\repository\junit\junit\4.13.2\junit-4.13.2.jar;C:\Users\17524\.m2\repository\org\hamcrest\hamcrest-core\2.2\hamcrest-core-2.2.jar;C:\Users\17524\.m2\repository\com\google\guava\guava\31.0.1-jre\guava-31.0.1-jre.jar;C:\Users\17524\.m2\repository\com\google\guava\failureaccess\1.0.1\failureaccess-1.0.1.jar;C:\Users\17524\.m2\repository\com\google\guava\listenablefuture\9999.0-empty-to-avoid-conflict-with-guava\listenablefuture-9999.0-empty-to-avoid-conflict-with-guava.jar;C:\Users\17524\.m2\repository\com\google\code\findbugs\jsr305\3.0.2\jsr305-3.0.2.jar;C:\Users\17524\.m2\repository\org\checkerframework\checker-qual\3.12.0\checker-qual-3.12.0.jar;C:\Users\17524\.m2\repository\com\google\errorprone\error_prone_annotations\2.7.1\error_prone_annotations-2.7.1.jar;C:\Users\17524\.m2\repository\com\google\j2objc\j2objc-annotations\1.3\j2objc-annotations-1.3.jar;C:\Users\17524\.m2\repository\org\mapstruct\mapstruct\1.5.3.Final\mapstruct-1.5.3.Final.jar;C:\Users\17524\.m2\repository\io\github\a812086325\xfxh-java\1.0\xfxh-java-1.0.jar;C:\Users\17524\.m2\repository\org\springframework\boot\spring-boot-starter-websocket\3.1.3\spring-boot-starter-websocket-3.1.3.jar;C:\Users\17524\.m2\repository\org\springframework\spring-messaging\6.0.11\spring-messaging-6.0.11.jar;C:\Users\17524\.m2\repository\org\springframework\spring-websocket\6.0.11\spring-websocket-6.0.11.jar;C:\Users\17524\.m2\repository\cn\hutool\hutool-http\5.8.12\hutool-http-5.8.12.jar;C:\Users\17524\.m2\repository\cn\hutool\hutool-core\5.8.12\hutool-core-5.8.12.jar;C:\Users\17524\.m2\repository\com\squareup\okhttp3\okhttp-sse\4.10.0\okhttp-sse-4.10.0.jar;C:\Users\17524\.m2\repository\com\squareup\okhttp3\okhttp\4.10.0\okhttp-4.10.0.jar;C:\Users\17524\.m2\repository\com\squareup\okio\okio-jvm\3.0.0\okio-jvm-3.0.0.jar;C:\Users\17524\.m2\repository\org\jetbrains\kotlin\kotlin-stdlib-common\1.8.22\kotlin-stdlib-common-1.8.22.jar;C:\Users\17524\.m2\repository\org\jetbrains\kotlin\kotlin-stdlib\1.8.22\kotlin-stdlib-1.8.22.jar;C:\Users\17524\.m2\repository\org\jetbrains\annotations\13.0\annotations-13.0.jar;C:\Users\17524\.m2\repository\org\jetbrains\kotlin\kotlin-stdlib-jdk8\1.8.22\kotlin-stdlib-jdk8-1.8.22.jar;C:\Users\17524\.m2\repository\org\jetbrains\kotlin\kotlin-stdlib-jdk7\1.8.22\kotlin-stdlib-jdk7-1.8.22.jar;C:\Users\17524\.m2\repository\com\squareup\okhttp3\logging-interceptor\4.10.0\logging-interceptor-4.10.0.jar;C:\Users\17524\.m2\repository\com\alibaba\fastjson\1.2.60\fastjson-1.2.60.jar;"/>
    <property name="sun.cpu.endian" value="little"/>
    <property name="user.home" value="C:\Users\17524"/>
    <property name="user.language" value="zh"/>
    <property name="java.specification.vendor" value="Oracle Corporation"/>
    <property name="java.version.date" value="2021-09-14"/>
    <property name="java.home" value="C:\Users\17524\.jdks\jdk-17"/>
    <property name="file.separator" value="\"/>
    <property name="basedir" value="C:\Users\17524\Desktop\文档\Redis\代码\GitHub\ErGo\Ergo-backend"/>
    <property name="java.vm.compressedOopsMode" value="Zero based"/>
    <property name="line.separator" value="&#10;"/>
    <property name="java.vm.specification.vendor" value="Oracle Corporation"/>
    <property name="java.specification.name" value="Java Platform API Specification"/>
    <property name="FILE_LOG_CHARSET" value="GBK"/>
    <property name="java.awt.headless" value="true"/>
    <property name="surefire.real.class.path" value="C:\Users\17524\AppData\Local\Temp\surefire2496811415912075602\surefirebooter-20231206193050691_3.jar"/>
    <property name="user.script" value=""/>
    <property name="sun.management.compiler" value="HotSpot 64-Bit Tiered Compilers"/>
    <property name="java.runtime.version" value="17+35-2724"/>
    <property name="user.name" value="17524"/>
    <property name="path.separator" value=";"/>
    <property name="os.version" value="10.0"/>
    <property name="java.runtime.name" value="OpenJDK Runtime Environment"/>
    <property name="file.encoding" value="GBK"/>
    <property name="java.vm.name" value="OpenJDK 64-Bit Server VM"/>
    <property name="localRepository" value="C:\Users\17524\.m2\repository"/>
    <property name="java.vendor.url.bug" value="https://bugreport.java.com/bugreport/"/>
    <property name="java.io.tmpdir" value="C:\Users\17524\AppData\Local\Temp\"/>
    <property name="idea.version" value="2022.2.2"/>
    <property name="java.version" value="17"/>
    <property name="user.dir" value="C:\Users\17524\Desktop\文档\Redis\代码\GitHub\ErGo\Ergo-backend"/>
    <property name="os.arch" value="amd64"/>
    <property name="java.vm.specification.name" value="Java Virtual Machine Specification"/>
    <property name="PID" value="10364"/>
    <property name="sun.os.patch.level" value=""/>
    <property name="CONSOLE_LOG_CHARSET" value="GBK"/>
    <property name="native.encoding" value="GBK"/>
    <property name="java.library.path" value="C:\Users\17524\.jdks\jdk-17\bin;C:\WINDOWS\Sun\Java\bin;C:\WINDOWS\system32;C:\WINDOWS;C:\Program Files\Java\jdk1.8.0_161\bin;C:\Program Files\Common Files\Oracle\Java\javapath;C:\Program Files\Java\jdk-17\bin;C:\ProgramData\Oracle\Java\javapath;D:\program\student\vm\bin\;C:\WINDOWS\system32;C:\WINDOWS;C:\WINDOWS\System32\Wbem;C:\WINDOWS\System32\WindowsPowerShell\v1.0\;C:\WINDOWS\System32\OpenSSH\;D:\program\BCheng\apache-maven-3.8.6\bin;D:\program\BCheng\apache-tomcat-9.0.69\bin;C:\ProgramData\chocolatey\bin;C:\Program Files\MySQL\MySQL Utilities 1.6\;C:\Program Files\MySQL\MySQL Server 5.7\bin;C:\Users\17524\AppData\Roaming\nvm;C:\Program Files\nodejs;F:\program\Xshell\;F:\program\xftp\;C:\Program Files\Docker\Docker\resources\bin;F:\program\Git\cmd;C:\Program Files (x86)\NVIDIA Corporation\PhysX\Common;C:\Program Files\NVIDIA Corporation\NVIDIA NvDLISR;F:\program\微信web开发者工具\dll;C:\Program Files\Microsoft SQL Server\Client SDK\ODBC\170\Tools\Binn\;C:\Program Files\Microsoft SQL Server\150\Tools\Binn\;C:\Program Files\dotnet\;F:\program\erl-23.3\bin;F:\program\rabbitmq3.9.5\rabbitmq_server-3.9.5\sbin;C:\Program Files\WireGuard\;C:\Program Files\TortoiseGit\bin;C:\Users\17524\AppData\Local\pnpm;C:\Users\17524\AppData\Local\Microsoft\WindowsApps;D:\program\Microsoft VS Code\bin;C:\Users\17524\AppData\Local\GitHubDesktop\bin;C:\Users\17524\AppData\Roaming\npm;C:\Users\17524\AppData\Roaming\nvm;C:\Program Files\nodejs;C:\Users\17524\.dotnet\tools;."/>
    <property name="java.vm.info" value="mixed mode, sharing"/>
    <property name="java.vendor" value="Oracle Corporation"/>
    <property name="java.vm.version" value="17+35-2724"/>
    <property name="sun.io.unicode.encoding" value="UnicodeLittle"/>
    <property name="java.class.version" value="61.0"/>
  </properties>
  <testcase name="contextLoads" classname="com.example.ergo.ErgoApplicationTests" time="0.907">
    <system-out><![CDATA[19:30:51.957 [main] INFO org.springframework.test.context.support.AnnotationConfigContextLoaderUtils -- Could not detect default configuration classes for test class [com.example.ergo.ErgoApplicationTests]: ErgoApplicationTests does not declare any static, non-private, non-final, nested classes annotated with @Configuration.
19:30:52.126 [main] INFO org.springframework.boot.test.context.SpringBootTestContextBootstrapper -- Found @SpringBootConfiguration com.example.ergo.ErgoApplication for test class com.example.ergo.ErgoApplicationTests
////////////////////////////////////////////////////////////////////
//                          _ooOoo_                               //
//                         o8888888o                              //
//                         88" . "88                              //
//                         (| ^_^ |)                              //
//                         O\  =  /O                              //
//                      ____/`---'\____                           //
//                    .'  \\|     |//  `.                         //
//                   /  \\|||  :  |||//  \                        //
//                  /  _||||| -:- |||||-  \                       //
//                  |   | \\\  -  /// |   |                       //
//                  | \_|  ''\---/''  |   |                       //
//                  \  .-\__  `-`  ___/-. /                       //
//                ___`. .'  /--.--\  `. . ___                     //
//              ."" '<  `.___\_<|>_/___.'  >'"".                  //
//            | | :  `- \`.;`\ _ /`;.`/ - ` : | |                 //
//            \  \ `-.   \_ __\ /__ _/   .-` /  /                 //
//      ========`-.____`-.___\_____/___.-`____.-'========         //
//                           `=---='                              //
//      ^^^^^^^^^^^^^^^^^^^^^^^^^^^^^^^^^^^^^^^^^^^^^^^^^^        //
//            佛祖保佑       永不宕机     永无BUG                    //
////////////////////////////////////////////////////////////////////
2023-12-06T19:30:52.735+08:00  INFO 10364 --- [           main] com.example.ergo.ErgoApplicationTests    : Starting ErgoApplicationTests using Java 17 with PID 10364 (started by 17524 in C:\Users\17524\Desktop\文档\Redis\代码\GitHub\ErGo\Ergo-backend)
2023-12-06T19:30:52.737+08:00  INFO 10364 --- [           main] com.example.ergo.ErgoApplicationTests    : No active profile set, falling back to 1 default profile: "default"
2023-12-06T19:30:53.823+08:00  INFO 10364 --- [           main] .s.d.r.c.RepositoryConfigurationDelegate : Multiple Spring Data modules found, entering strict repository configuration mode
2023-12-06T19:30:53.827+08:00  INFO 10364 --- [           main] .s.d.r.c.RepositoryConfigurationDelegate : Bootstrapping Spring Data Redis repositories in DEFAULT mode.
2023-12-06T19:30:53.874+08:00  INFO 10364 --- [           main] .s.d.r.c.RepositoryConfigurationDelegate : Finished Spring Data repository scanning in 25 ms. Found 0 Redis repository interfaces.
 _ _   |_  _ _|_. ___ _ |    _ 
| | |\/|_)(_| | |_\  |_)||_|_\ 
     /               |         
                        3.5.3.1 
2023-12-06T19:30:57.686+08:00  INFO 10364 --- [           main] com.example.ergo.ErgoApplicationTests    : Started ErgoApplicationTests in 5.364 seconds (process running for 6.864)
666
]]></system-out>
  </testcase>
</testsuite>